packing vids_unnamed
Compressed: /mnt/mechanical/resource/docs/vids_unnamed -> /mnt/mechanical/resource/tars/vids_unnamed.tar
packing qinqinwo
Compressed: /mnt/mechanical/resource/docs/qinqinwo -> /mnt/mechanical/resource/tars/qinqinwo.tar
packing zisemianju
Compressed: /mnt/mechanical/resource/docs/zisemianju -> /mnt/mechanical/resource/tars/zisemianju.tar
packing czmj
Compressed: /mnt/mechanical/resource/docs/czmj -> /mnt/mechanical/resource/tars/czmj.tar
packing ls-magazine
Compressed: /mnt/mechanical/resource/docs/ls-magazine -> /mnt/mechanical/resource/tars/ls-magazine.tar
packing xiaonian
Compressed: /mnt/mechanical/resource/docs/xiaonian -> /mnt/mechanical/resource/tars/xiaonian.tar
packing godenlols
Compressed: /mnt/mechanical/resource/docs/godenlols -> /mnt/mechanical/resource/tars/godenlols.tar
packing ls-second
Compressed: /mnt/mechanical/resource/docs/ls-second -> /mnt/mechanical/resource/tars/ls-second.tar
packing julythumbs
Compressed: /mnt/mechanical/resource/docs/julythumbs -> /mnt/mechanical/resource/tars/julythumbs.tar
packing xiaobiaomei
Compressed: /mnt/mechanical/resource/docs/xiaobiaomei -> /mnt/mechanical/resource/tars/xiaobiaomei.tar
packing ty
Compressed: /mnt/mechanical/resource/docs/ty -> /mnt/mechanical/resource/tars/ty.tar
packing vids_by_name
Compressed: /mnt/mechanical/resource/docs/vids_by_name -> /mnt/mechanical/resource/tars/vids_by_name.tar
packing twitter
Compressed: /mnt/mechanical/resource/docs/twitter -> /mnt/mechanical/resource/tars/twitter.tar
packing ls-dreams
Compressed: /mnt/mechanical/resource/docs/ls-dreams -> /mnt/mechanical/resource/tars/ls-dreams.tar
packing ls-short-vids
Compressed: /mnt/mechanical/resource/docs/ls-short-vids -> /mnt/mechanical/resource/tars/ls-short-vids.tar
packing ls-best
Compressed: /mnt/mechanical/resource/docs/ls-best -> /mnt/mechanical/resource/tars/ls-best.tar
packing Loland
Compressed: /mnt/mechanical/resource/docs/Loland -> /mnt/mechanical/resource/tars/Loland.tar
